<?xml version="1.0" encoding="UTF-8"?>
<!-- Generated by org.testng.reporters.JUnitXMLReporter -->
<testsuite hostname="DESKTOP-HI11D0F" name="Test" tests="1" failures="1" timestamp="8 Jan 2018 09:58:50 GMT" time="0.764" errors="0">
  <testcase name="@AfterMethod tearDown" time="0.0" classname="com.framework.scripts.LoginTest">
    <failure type="java.lang.NullPointerException">
      <![CDATA[java.lang.NullPointerException
	at org.openqa.selenium.support.events.EventFiringWebDriver.extractInterfaces(EventFiringWebDriver.java:119)
	at org.openqa.selenium.support.events.EventFiringWebDriver.<init>(EventFiringWebDriver.java:91)
	at com.framework.ScreenShotLib.takeScreenshot(ScreenShotLib.java:18)
	at com.framework.BaseLib.tearDown(BaseLib.java:51)
... Removed 26 stack frames]]>
    </failure>
  </testcase> <!-- @AfterMethod tearDown -->
  <testcase name="validLoginTest" time="0.606" classname="com.framework.scripts.LoginTest">
    <failure type="java.lang.NullPointerException">
      <![CDATA[java.lang.NullPointerException
	at org.openqa.selenium.support.pagefactory.DefaultElementLocator.findElement(DefaultElementLocator.java:69)
	at org.openqa.selenium.support.pagefactory.internal.LocatingElementHandler.invoke(LocatingElementHandler.java:38)
	at com.sun.proxy.$Proxy6.sendKeys(Unknown Source)
	at com.framework.pageobjects.LoginPage.login(LoginPage.java:23)
	at com.framework.scripts.LoginTest.validLoginTest(LoginTest.java:18)
... Removed 24 stack frames]]>
    </failure>
  </testcase> <!-- validLoginTest -->
</testsuite> <!-- Test -->
